SF:lib\domain\usecases\get_airing_today_tv_series.dart
DA:7,1
DA:9,1
DA:10,2
LF:3
LH:3
end_of_record
SF:lib\domain\usecases\get_popular_tv_series.dart
DA:7,1
DA:9,1
DA:10,2
LF:3
LH:3
end_of_record
SF:lib\domain\usecases\get_top_rated_tv_series.dart
DA:7,1
DA:9,1
DA:10,2
LF:3
LH:3
end_of_record
SF:lib\domain\usecases\get_tv_series_detail.dart
DA:7,1
DA:9,1
DA:10,2
LF:3
LH:3
end_of_record
SF:lib\domain\usecases\get_tv_series_episode.dart
DA:7,1
DA:9,1
DA:10,2
LF:3
LH:3
end_of_record
SF:lib\domain\usecases\get_tv_series_recommendations.dart
DA:7,1
DA:9,1
DA:10,2
LF:3
LH:3
end_of_record
SF:lib\domain\usecases\remove_watchlist_tv_series.dart
DA:7,1
DA:9,1
DA:10,2
LF:3
LH:3
end_of_record
SF:lib\domain\usecases\save_watchlist_tv_series.dart
DA:7,1
DA:9,1
DA:10,2
LF:3
LH:3
end_of_record
SF:lib\presentation\bloc\airing_today_tv_series_state.dart
DA:4,5
DA:6,1
DA:7,1
DA:17,3
DA:19,1
DA:20,2
DA:26,3
DA:28,1
DA:29,2
LF:9
LH:9
end_of_record
SF:lib\presentation\bloc\airing_today_tv_series_event.dart
DA:4,27
DA:8,27
LF:2
LH:2
end_of_record
SF:lib\presentation\bloc\airing_today_tv_series_bloc.dart
DA:13,1
DA:14,2
DA:15,2
DA:16,2
DA:18,3
DA:20,1
DA:21,1
DA:22,3
DA:24,1
DA:25,2
LF:10
LH:10
end_of_record
SF:lib\presentation\bloc\popular_tv_series_state.dart
DA:4,5
DA:6,1
DA:7,1
DA:17,3
DA:19,1
DA:20,2
DA:26,3
DA:28,1
DA:29,2
LF:9
LH:9
end_of_record
SF:lib\presentation\bloc\popular_tv_series_bloc.dart
DA:13,3
DA:14,2
DA:15,2
DA:17,3
DA:19,1
DA:20,1
DA:21,3
DA:23,1
DA:24,2
LF:9
LH:9
end_of_record
SF:lib\presentation\bloc\popular_tv_series_event.dart
DA:4,27
DA:8,27
LF:2
LH:2
end_of_record
SF:lib\presentation\bloc\top_rated_tv_series_event.dart
DA:4,27
DA:8,27
LF:2
LH:2
end_of_record
SF:lib\presentation\bloc\top_rated_tv_series_state.dart
DA:4,5
DA:6,1
DA:7,1
DA:17,3
DA:19,1
DA:20,2
DA:26,3
DA:28,1
DA:29,2
LF:9
LH:9
end_of_record
SF:lib\presentation\bloc\top_rated_tv_series_bloc.dart
DA:13,1
DA:14,2
DA:15,2
DA:16,2
DA:18,3
DA:20,1
DA:21,1
DA:22,3
DA:24,1
DA:25,2
LF:10
LH:10
end_of_record
SF:lib\presentation\bloc\tv_series_detail_event.dart
DA:4,3
DA:9,3
LF:2
LH:2
end_of_record
SF:lib\presentation\bloc\tv_series_detail_state.dart
DA:4,5
DA:6,1
DA:7,1
DA:17,3
DA:19,1
DA:20,2
DA:26,5
DA:28,1
DA:29,2
LF:9
LH:9
end_of_record
SF:lib\presentation\bloc\tv_series_detail_bloc.dart
DA:13,3
DA:14,2
DA:15,2
DA:17,4
DA:19,1
DA:20,1
DA:21,3
DA:23,1
DA:25,2
DA:27,2
LF:10
LH:10
end_of_record
SF:lib\presentation\bloc\tv_series_episode_state.dart
DA:4,4
DA:6,1
DA:7,1
DA:17,3
DA:19,1
DA:20,2
DA:26,3
DA:28,1
DA:29,2
LF:9
LH:9
end_of_record
SF:lib\presentation\bloc\tv_series_episode_event.dart
DA:4,2
DA:10,2
LF:2
LH:2
end_of_record
SF:lib\presentation\bloc\tv_series_episode_bloc.dart
DA:13,3
DA:14,2
DA:15,2
DA:17,5
DA:19,1
DA:20,1
DA:21,3
DA:23,1
DA:24,2
LF:9
LH:9
end_of_record
SF:lib\presentation\bloc\tv_series_recommendation_event.dart
DA:4,3
DA:9,3
LF:2
LH:2
end_of_record
SF:lib\presentation\bloc\tv_series_recommendation_state.dart
DA:4,5
DA:6,1
DA:7,1
DA:17,3
DA:19,1
DA:20,2
DA:26,2
DA:28,1
DA:29,2
LF:9
LH:9
end_of_record
SF:lib\presentation\bloc\tv_series_recommendation_bloc.dart
DA:13,1
DA:14,2
DA:15,2
DA:16,2
DA:18,4
DA:20,1
DA:21,1
DA:22,3
DA:24,1
DA:25,2
LF:10
LH:10
end_of_record
SF:lib\presentation\bloc\tv_series_watchlist_state.dart
DA:4,5
DA:6,1
DA:7,1
DA:16,5
DA:18,1
DA:19,3
LF:6
LH:6
end_of_record
SF:lib\presentation\bloc\tv_series_watchlist_event.dart
DA:4,3
DA:9,3
DA:14,2
DA:19,2
LF:4
LH:4
end_of_record
SF:lib\presentation\bloc\tv_series_watchlist_bloc.dart
DA:19,1
DA:23,2
DA:24,2
DA:25,4
DA:26,2
DA:28,2
DA:29,4
DA:30,5
DA:32,2
DA:33,1
DA:34,3
DA:36,1
DA:37,2
DA:41,2
DA:42,4
DA:43,5
DA:45,2
DA:46,1
DA:47,3
DA:49,1
DA:50,2
LF:21
LH:21
end_of_record
SF:lib\presentation\pages\airing_today_tv_series_page.dart
DA:7,2
DA:9,2
DA:11,2
DA:15,2
DA:17,2
DA:18,6
DA:19,2
DA:20,2
DA:23,2
DA:25,2
DA:26,2
DA:29,2
DA:31,2
DA:32,2
DA:33,2
DA:37,2
DA:38,2
DA:39,2
DA:40,4
DA:41,2
DA:43,4
DA:45,1
DA:46,1
DA:48,2
LF:24
LH:24
end_of_record
SF:lib\presentation\pages\popular_tv_series_page.dart
DA:7,2
DA:9,2
DA:10,2
DA:14,2
DA:16,2
DA:17,4
DA:18,6
DA:21,2
DA:23,2
DA:24,2
DA:27,2
DA:29,2
DA:30,2
DA:31,2
DA:35,2
DA:36,2
DA:37,2
DA:38,4
DA:39,2
DA:41,4
DA:43,1
DA:44,1
DA:46,2
LF:23
LH:23
end_of_record
SF:lib\presentation\pages\top_rated_tv_series_page.dart
DA:7,2
DA:9,2
DA:10,2
DA:14,2
DA:16,2
DA:17,4
DA:18,6
DA:21,2
DA:23,2
DA:24,2
DA:27,2
DA:29,2
DA:30,2
DA:31,2
DA:35,2
DA:36,2
DA:37,2
DA:38,4
DA:39,2
DA:41,4
DA:43,1
DA:44,1
DA:46,2
LF:23
LH:23
end_of_record
SF:lib\presentation\pages\tv_series_detail_page.dart
DA:10,2
DA:13,1
DA:15,2
DA:16,2
DA:20,2
DA:22,2
DA:23,4
DA:24,12
DA:25,2
DA:26,2
DA:27,8
DA:28,12
DA:32,2
DA:34,2
DA:35,2
DA:36,2
DA:38,2
DA:39,2
DA:40,2
DA:41,2
DA:42,2
DA:43,2
DA:44,3
DA:47,1
DA:49,1
DA:50,1
DA:51,2
DA:59,2
DA:60,2
DA:61,2
DA:65,2
DA:66,2
DA:67,2
DA:68,2
DA:69,4
DA:73,1
DA:74,1
DA:76,2
DA:92,2
DA:96,2
DA:98,2
DA:99,2
DA:105,2
DA:107,6
DA:108,2
DA:109,2
DA:110,2
DA:113,8
DA:115,2
DA:118,0
DA:120,2
DA:122,2
DA:123,2
DA:124,2
DA:134,2
DA:135,2
DA:136,2
DA:138,2
DA:140,2
DA:141,2
DA:142,2
DA:144,2
DA:145,2
DA:146,6
DA:147,2
DA:149,2
DA:150,2
DA:151,8
DA:153,2
DA:154,6
DA:156,2
DA:157,2
DA:158,8
DA:161,2
DA:162,2
DA:163,2
DA:165,8
DA:168,2
DA:175,10
DA:178,2
DA:179,2
DA:181,2
DA:183,2
DA:184,6
DA:186,2
DA:190,2
DA:191,6
DA:192,2
DA:196,2
DA:198,2
DA:211,2
DA:213,2
DA:216,2
DA:218,0
DA:219,0
DA:228,2
DA:229,2
DA:230,2
DA:231,2
DA:232,1
DA:234,1
DA:242,2
DA:243,2
DA:245,2
DA:246,1
DA:247,1
DA:249,1
DA:250,4
DA:251,1
DA:253,1
DA:254,4
DA:257,2
DA:259,2
DA:260,2
DA:276,2
DA:277,2
DA:278,2
DA:279,2
DA:280,8
DA:282,2
DA:283,2
DA:285,2
DA:286,2
DA:287,2
DA:288,4
DA:291,2
DA:293,2
DA:294,2
DA:296,0
DA:297,0
DA:298,0
DA:301,2
DA:303,2
DA:304,2
DA:305,2
DA:306,2
DA:319,2
DA:320,2
DA:321,2
DA:322,6
DA:324,8
DA:326,2
DA:327,2
DA:328,2
DA:329,2
DA:330,2
DA:335,2
DA:347,2
DA:348,2
DA:349,2
DA:351,2
DA:352,2
DA:354,2
DA:356,2
DA:357,2
DA:358,2
DA:364,2
DA:365,1
DA:367,1
DA:369,1
DA:370,2
DA:371,1
DA:373,1
DA:374,0
DA:375,0
DA:378,0
DA:381,1
DA:385,1
DA:388,2
DA:389,1
DA:392,0
DA:399,2
DA:402,2
DA:403,1
DA:405,2
DA:418,2
DA:420,4
DA:421,6
DA:424,2
DA:428,6
DA:431,2
DA:432,2
DA:433,2
DA:435,2
DA:436,1
DA:438,2
LF:186
LH:176
end_of_record
SF:lib\presentation\pages\tv_series_episode_page.dart
DA:9,1
DA:12,1
DA:14,1
DA:15,1
DA:19,1
DA:21,1
DA:22,2
DA:23,1
DA:24,1
DA:25,8
DA:29,1
DA:31,1
DA:32,1
DA:33,4
DA:35,1
DA:36,1
DA:37,1
DA:41,1
DA:42,2
DA:43,1
DA:44,1
DA:46,1
DA:47,1
DA:48,1
DA:49,1
DA:51,1
DA:57,1
DA:58,1
DA:60,2
LF:29
LH:29
end_of_record
SF:lib\presentation\pages\tv_series_page.dart
DA:8,1
DA:10,1
DA:11,1
DA:15,1
DA:17,1
DA:18,2
DA:19,1
DA:20,1
DA:21,1
DA:22,3
DA:23,3
DA:27,1
DA:29,1
DA:31,1
DA:32,1
DA:34,1
DA:35,1
DA:37,1
DA:38,1
DA:40,1
DA:41,1
DA:42,1
DA:46,1
DA:47,2
DA:52,1
DA:54,2
DA:56,1
DA:57,1
DA:58,1
DA:62,1
DA:63,2
DA:68,1
DA:70,2
DA:72,1
DA:73,1
DA:74,1
DA:78,1
DA:79,2
DA:94,1
DA:97,1
DA:99,1
DA:101,1
DA:103,1
DA:105,1
DA:106,2
DA:107,1
DA:109,1
DA:111,1
DA:112,1
DA:115,1
DA:118,1
DA:120,1
DA:121,2
DA:122,1
DA:125,0
DA:131,2
LF:56
LH:55
end_of_record
