SF:lib\data\models\genre_model.dart
DA:6,15
DA:14,6
DA:15,3
DA:16,3
DA:19,4
DA:20,2
DA:21,2
DA:24,3
DA:25,9
DA:28,3
DA:29,9
LF:11
LH:11
end_of_record
SF:lib\data\models\movie_detail_model.dart
DA:7,14
DA:53,2
DA:54,2
DA:55,2
DA:56,2
DA:57,2
DA:58,2
DA:59,8
DA:60,2
DA:61,2
DA:62,2
DA:63,2
DA:64,2
DA:65,2
DA:66,4
DA:67,2
DA:68,2
DA:69,2
DA:70,2
DA:71,2
DA:72,2
DA:73,2
DA:74,2
DA:75,4
DA:76,2
DA:79,2
DA:80,1
DA:81,1
DA:82,1
DA:83,5
DA:84,1
DA:85,1
DA:86,1
DA:87,1
DA:88,1
DA:89,1
DA:90,1
DA:91,1
DA:92,1
DA:93,1
DA:94,1
DA:95,1
DA:96,1
DA:97,1
DA:98,1
DA:99,1
DA:100,1
DA:103,2
DA:104,2
DA:105,2
DA:106,2
DA:107,10
DA:108,2
DA:109,2
DA:110,2
DA:111,2
DA:112,2
DA:113,2
DA:114,2
DA:115,2
DA:116,2
DA:120,2
DA:121,2
DA:122,2
DA:123,2
DA:124,2
DA:125,2
DA:126,2
DA:127,2
DA:128,2
DA:129,2
DA:130,2
DA:131,2
DA:132,2
DA:133,2
DA:134,2
DA:135,2
DA:136,2
DA:137,2
DA:138,2
DA:139,2
DA:140,2
DA:141,2
DA:142,2
LF:84
LH:84
end_of_record
SF:lib\data\models\movie_model.dart
DA:6,16
DA:36,4
DA:37,2
DA:38,2
DA:39,8
DA:40,2
DA:41,2
DA:42,2
DA:43,4
DA:44,2
DA:45,2
DA:46,2
DA:47,2
DA:48,4
DA:49,2
DA:52,2
DA:53,1
DA:54,1
DA:55,4
DA:56,1
DA:57,1
DA:58,1
DA:59,1
DA:60,1
DA:61,1
DA:62,1
DA:63,1
DA:64,1
DA:65,1
DA:68,2
DA:69,2
DA:70,2
DA:71,2
DA:72,2
DA:73,2
DA:74,2
DA:75,2
DA:76,2
DA:77,2
DA:78,2
DA:79,2
DA:80,2
DA:81,2
DA:82,2
DA:86,2
DA:87,2
DA:88,2
DA:89,2
DA:90,2
DA:91,2
DA:92,2
DA:93,2
DA:94,2
DA:95,2
DA:96,2
DA:97,2
DA:98,2
DA:99,2
DA:100,2
LF:59
LH:59
end_of_record
SF:lib\data\models\tv_series_episode_response.dart
DA:6,14
DA:24,2
DA:25,2
DA:26,2
DA:27,2
DA:28,2
DA:29,2
DA:30,2
DA:31,2
DA:32,8
DA:33,2
DA:36,2
DA:37,1
DA:38,1
DA:39,1
DA:40,1
DA:41,1
DA:42,5
DA:43,1
DA:46,2
DA:47,2
DA:48,2
DA:49,2
DA:50,2
DA:51,2
DA:52,2
DA:53,10
DA:54,2
DA:58,2
DA:60,2
DA:61,2
DA:62,2
DA:63,2
DA:64,2
DA:65,2
DA:66,2
DA:67,2
DA:73,14
DA:89,2
DA:90,2
DA:91,2
DA:92,2
DA:93,2
DA:94,2
DA:95,2
DA:96,2
DA:97,8
DA:100,2
DA:101,1
DA:102,1
DA:103,1
DA:104,1
DA:105,1
DA:106,5
DA:109,2
DA:110,2
DA:111,2
DA:112,2
DA:113,2
DA:114,2
DA:115,2
DA:116,10
DA:120,2
DA:122,2
DA:123,2
DA:124,2
DA:125,2
DA:126,2
DA:127,2
DA:128,2
DA:134,14
DA:146,4
DA:147,2
DA:148,2
DA:149,2
DA:150,2
DA:153,2
DA:154,1
DA:155,1
DA:156,1
DA:157,1
DA:160,2
DA:161,2
DA:162,2
DA:163,2
DA:164,2
DA:165,2
DA:169,2
DA:170,2
DA:171,2
DA:172,2
DA:173,2
DA:174,2
LF:93
LH:93
end_of_record
SF:lib\data\models\watchlist_table.dart
DA:14,15
DA:22,4
DA:23,2
DA:24,2
DA:25,2
DA:26,2
DA:30,2
DA:31,2
DA:32,2
DA:33,2
DA:34,2
DA:35,2
DA:39,2
DA:40,1
DA:41,1
DA:42,1
DA:43,1
DA:44,1
DA:47,2
DA:48,1
DA:49,1
DA:50,1
DA:51,1
DA:52,1
DA:55,4
DA:56,2
DA:57,2
DA:58,2
DA:59,2
DA:60,2
DA:63,3
DA:64,18
LF:32
LH:32
end_of_record
SF:lib\data\models\tv_series_detail_response.dart
DA:7,14
DA:27,2
DA:28,2
DA:29,2
DA:30,2
DA:31,2
DA:32,2
DA:33,2
DA:34,8
DA:35,4
DA:36,8
DA:37,4
DA:38,6
DA:39,6
DA:42,2
DA:43,1
DA:44,1
DA:45,1
DA:46,1
DA:47,5
DA:48,1
DA:49,4
DA:50,5
DA:53,2
DA:55,2
DA:56,2
DA:57,2
DA:58,2
DA:59,2
DA:60,2
DA:61,2
DA:62,2
DA:63,2
DA:67,2
DA:68,2
DA:69,2
DA:70,2
DA:71,2
DA:72,2
DA:73,10
DA:74,2
DA:75,2
DA:76,10
DA:82,14
DA:100,4
DA:101,2
DA:102,2
DA:103,2
DA:104,2
DA:105,2
DA:106,2
DA:107,2
DA:110,2
DA:111,1
DA:112,1
DA:113,1
DA:114,1
DA:115,1
DA:116,1
DA:117,1
DA:120,2
DA:121,2
DA:122,2
DA:123,2
DA:124,2
DA:125,2
DA:126,2
DA:127,2
DA:128,2
DA:132,2
DA:134,2
DA:135,2
DA:136,2
DA:137,2
DA:138,2
DA:139,2
DA:140,2
DA:141,2
LF:78
LH:78
end_of_record
SF:lib\data\models\tv_series_model.dart
DA:6,17
DA:18,6
DA:19,3
DA:20,3
DA:21,3
DA:22,3
DA:25,4
DA:26,2
DA:27,2
DA:28,2
DA:29,2
DA:32,3
DA:33,3
DA:34,3
DA:35,3
DA:36,3
DA:37,3
DA:41,3
DA:43,3
DA:44,3
DA:45,3
DA:46,3
DA:47,3
LF:23
LH:23
end_of_record
SF:lib\domain\entities\genre.dart
DA:4,15
DA:12,3
DA:13,9
LF:3
LH:3
end_of_record
SF:lib\domain\entities\movie.dart
DA:4,14
DA:20,13
DA:50,2
DA:51,2
DA:52,2
DA:53,2
DA:54,2
DA:55,2
DA:56,2
DA:57,2
DA:58,2
DA:59,2
DA:60,2
DA:61,2
DA:62,2
DA:63,2
DA:64,2
LF:17
LH:17
end_of_record
SF:lib\domain\entities\movie_detail.dart
DA:6,14
DA:34,2
DA:35,2
DA:36,2
DA:37,2
DA:38,2
DA:39,2
DA:40,2
DA:41,2
DA:42,2
DA:43,2
DA:44,2
DA:45,2
DA:46,2
LF:14
LH:14
end_of_record
SF:lib\domain\entities\tv_series.dart
DA:4,17
DA:16,2
DA:18,2
DA:19,2
DA:20,2
DA:21,2
DA:22,2
LF:7
LH:7
end_of_record
SF:lib\domain\entities\tv_series_detail.dart
DA:6,14
DA:26,2
DA:28,2
DA:29,2
DA:30,2
DA:31,2
DA:32,2
DA:33,2
DA:34,2
DA:35,2
DA:36,2
DA:42,15
DA:60,2
DA:62,2
DA:63,2
DA:64,2
DA:65,2
DA:66,2
DA:67,2
DA:68,2
DA:69,2
LF:21
LH:21
end_of_record
SF:lib\domain\entities\tv_series_episode.dart
DA:4,14
DA:22,2
DA:24,2
DA:25,2
DA:26,2
DA:27,2
DA:28,2
DA:29,2
DA:30,2
DA:31,2
DA:37,14
DA:53,2
DA:55,2
DA:56,2
DA:57,2
DA:58,2
DA:59,2
DA:60,2
DA:61,2
DA:67,14
DA:79,2
DA:80,2
DA:81,2
DA:82,2
DA:83,2
DA:84,2
LF:26
LH:26
end_of_record
SF:lib\domain\entities\watchlist.dart
DA:4,14
DA:18,2
DA:20,2
DA:21,2
DA:22,2
DA:23,2
DA:24,2
DA:25,2
LF:8
LH:8
end_of_record
SF:lib\data\datasources\movie_remote_data_source.dart
DA:37,1
DA:40,1
DA:42,5
DA:44,2
DA:45,4
DA:47,1
DA:52,1
DA:54,5
DA:56,2
DA:57,4
DA:59,1
DA:64,1
DA:66,5
DA:68,2
DA:69,4
DA:71,1
DA:76,1
DA:77,5
DA:79,2
DA:80,3
DA:82,1
DA:87,1
DA:88,2
DA:89,3
DA:91,2
DA:92,4
DA:94,1
DA:99,1
DA:100,2
DA:101,3
DA:103,2
DA:104,4
DA:106,1
DA:111,1
DA:113,5
DA:115,2
DA:116,4
DA:118,1
DA:123,1
DA:124,5
DA:126,2
DA:127,4
DA:129,1
DA:134,1
DA:136,5
DA:138,2
DA:139,4
DA:141,1
DA:146,1
DA:147,5
DA:149,2
DA:150,3
DA:152,1
DA:157,1
DA:159,5
DA:161,2
DA:162,4
DA:164,1
DA:169,1
DA:171,5
DA:173,2
DA:174,4
DA:176,1
DA:181,1
DA:183,5
DA:185,2
DA:186,3
DA:188,1
LF:68
LH:68
end_of_record
SF:lib\data\datasources\movie_local_data_source.dart
DA:15,1
DA:18,1
DA:20,3
DA:23,2
DA:28,1
DA:30,3
DA:33,2
DA:38,1
DA:39,3
DA:41,1
DA:48,1
DA:49,3
DA:50,4
LF:13
LH:13
end_of_record
SF:lib\data\datasources\db\database_helper.dart
DA:10,0
DA:14,0
DA:18,0
DA:19,0
DA:25,0
DA:26,0
DA:27,0
DA:29,0
DA:32,0
DA:33,0
DA:38,0
DA:39,0
DA:47,0
DA:50,0
DA:51,0
DA:52,0
DA:55,0
DA:56,0
DA:57,0
DA:60,0
DA:64,0
DA:65,0
DA:66,0
DA:69,0
DA:72,0
DA:73,0
DA:79,0
DA:80,0
DA:81,0
LF:29
LH:0
end_of_record
SF:lib\styles\text_styles.dart
DA:5,0
DA:6,0
DA:7,15
DA:9,3
DA:11,6
DA:15,0
DA:16,0
DA:17,0
DA:18,0
DA:19,0
LF:10
LH:3
end_of_record
SF:lib\utils\encrypt.dart
DA:3,0
DA:4,0
DA:5,0
DA:7,0
DA:9,0
DA:11,0
LF:6
LH:0
end_of_record
SF:lib\utils\exception.dart
DA:6,2
LF:1
LH:1
end_of_record
SF:lib\utils\failure.dart
DA:6,21
DA:8,1
DA:9,2
DA:13,20
DA:17,20
DA:21,20
DA:25,3
LF:7
LH:7
end_of_record
SF:lib\utils\utils.dart
DA:3,0
LF:1
LH:0
end_of_record
SF:lib\data\repositories\movie_repository_impl.dart
DA:15,1
DA:21,1
DA:23,3
DA:24,5
DA:25,1
DA:27,1
DA:29,1
DA:35,1
DA:37,3
DA:38,5
DA:39,1
DA:41,1
DA:43,1
DA:49,1
DA:51,3
DA:52,5
DA:53,1
DA:55,1
DA:57,1
DA:63,1
DA:65,3
DA:66,2
DA:67,1
DA:69,1
DA:71,1
DA:77,1
DA:79,3
DA:80,3
DA:81,1
DA:83,1
DA:85,1
DA:91,1
DA:93,3
DA:94,5
DA:95,1
DA:97,1
DA:99,1
DA:105,1
DA:107,3
DA:108,5
DA:109,1
DA:111,1
DA:113,1
DA:119,1
DA:121,3
DA:122,5
DA:123,1
DA:125,1
DA:127,1
DA:133,1
DA:135,3
DA:136,5
DA:137,1
DA:139,1
DA:141,1
DA:147,1
DA:149,3
DA:150,2
DA:151,1
DA:153,1
DA:155,1
DA:161,1
DA:164,3
DA:165,5
DA:166,1
DA:168,1
DA:170,1
DA:176,1
DA:178,3
DA:179,5
DA:180,1
DA:182,1
DA:184,1
DA:190,1
DA:193,3
DA:194,2
DA:195,1
DA:197,1
DA:199,1
DA:205,1
DA:206,3
DA:211,1
DA:212,3
DA:213,5
DA:217,1
DA:219,2
DA:220,2
DA:221,1
DA:222,1
DA:223,3
DA:230,1
DA:233,2
DA:234,2
DA:235,1
DA:236,1
DA:237,3
DA:242,1
DA:245,2
DA:246,2
DA:247,1
DA:248,1
DA:249,3
DA:256,1
DA:259,2
DA:260,2
DA:261,1
DA:262,1
DA:263,3
LF:108
LH:108
end_of_record
SF:lib\domain\entities\episode_request.dart
DA:6,2
LF:1
LH:1
end_of_record
SF:lib\presentation\widgets\episode_card_list.dart
DA:8,1
DA:11,1
DA:13,1
DA:14,1
DA:20,1
DA:22,1
DA:24,1
DA:26,1
DA:27,1
DA:28,2
DA:29,1
DA:35,1
DA:36,1
DA:38,1
DA:39,1
DA:41,1
DA:42,4
DA:44,1
DA:47,0
DA:51,1
DA:52,1
DA:54,1
DA:55,1
DA:56,1
DA:57,7
DA:58,1
DA:60,1
DA:61,7
DA:64,1
DA:67,1
DA:68,1
DA:69,3
DA:72,1
DA:81,1
DA:82,1
DA:84,1
DA:86,1
DA:88,1
DA:91,1
DA:92,3
DA:93,1
DA:96,4
DA:97,1
DA:99,1
DA:100,1
DA:102,1
DA:105,1
DA:107,1
DA:109,1
DA:110,4
DA:112,1
DA:114,1
DA:115,1
DA:116,1
DA:119,1
DA:121,2
DA:125,1
DA:128,0
DA:133,1
DA:134,1
DA:137,1
DA:138,1
DA:139,1
DA:151,4
DA:160,1
DA:161,1
DA:163,1
DA:165,1
DA:166,2
DA:167,2
DA:170,1
DA:172,1
DA:173,2
DA:174,1
DA:175,1
DA:176,1
LF:76
LH:74
end_of_record
SF:lib\presentation\widgets\movie_card_list.dart
DA:8,1
DA:11,1
DA:13,1
DA:15,1
DA:17,1
DA:19,1
DA:20,1
DA:23,2
DA:26,1
DA:28,1
DA:29,1
DA:30,1
DA:36,1
DA:37,1
DA:38,1
DA:39,1
DA:41,1
DA:42,1
DA:43,2
DA:46,1
DA:49,1
DA:50,2
DA:61,1
DA:66,1
DA:68,1
DA:69,3
DA:71,1
DA:74,0
LF:28
LH:27
end_of_record
SF:lib\presentation\widgets\season_card_list.dart
DA:9,1
DA:13,1
DA:15,1
DA:17,1
DA:19,1
DA:21,1
DA:22,1
DA:25,1
DA:26,2
DA:27,2
DA:28,2
DA:32,1
DA:34,1
DA:35,1
DA:36,1
DA:42,1
DA:43,1
DA:44,1
DA:45,1
DA:47,1
DA:48,1
DA:49,2
DA:52,1
DA:54,1
DA:55,1
DA:56,1
DA:57,8
DA:60,1
DA:62,4
DA:63,1
DA:75,1
DA:76,1
DA:77,3
DA:80,1
DA:86,1
DA:87,2
DA:98,1
DA:103,1
DA:105,1
DA:107,3
DA:109,1
DA:112,0
LF:42
LH:41
end_of_record
SF:lib\presentation\widgets\sub_heading_view.dart
DA:8,1
DA:12,1
DA:14,1
DA:16,1
DA:18,1
DA:19,1
DA:20,1
DA:21,1
DA:23,1
DA:24,1
DA:25,1
DA:27,1
LF:12
LH:12
end_of_record
SF:lib\presentation\widgets\tv_series_card_list.dart
DA:8,1
DA:11,1
DA:13,1
DA:15,1
DA:17,1
DA:19,1
DA:20,1
DA:23,2
DA:26,1
DA:28,1
DA:29,1
DA:30,1
DA:36,1
DA:37,1
DA:38,1
DA:39,1
DA:41,1
DA:42,1
DA:43,2
DA:46,1
DA:49,1
DA:50,2
DA:61,1
DA:66,1
DA:68,1
DA:69,3
DA:71,1
DA:74,0
LF:28
LH:27
end_of_record
SF:lib\data\models\movie_response.dart
DA:8,3
DA:10,4
DA:11,4
DA:12,6
DA:13,6
DA:16,2
DA:17,5
DA:20,1
DA:21,2
LF:9
LH:9
end_of_record
SF:lib\data\models\tv_series_response.dart
DA:8,3
DA:10,2
DA:11,2
DA:12,4
DA:13,6
DA:14,6
DA:17,2
DA:18,5
DA:21,1
DA:22,2
LF:10
LH:10
end_of_record
