SF:lib\domain\usecases\get_watchlist_data.dart
DA:7,1
DA:9,1
DA:10,2
LF:3
LH:3
end_of_record
SF:lib\domain\usecases\get_watchlist_status.dart
DA:6,1
DA:8,1
DA:9,2
LF:3
LH:3
end_of_record
SF:lib\presentation\bloc\watchlist_state.dart
DA:4,4
DA:6,1
DA:7,1
DA:17,3
DA:19,1
DA:20,2
DA:26,3
DA:28,1
DA:29,2
LF:9
LH:9
end_of_record
SF:lib\presentation\bloc\watchlist_bloc.dart
DA:12,3
DA:13,2
DA:14,2
DA:16,3
DA:17,1
DA:18,1
DA:19,3
DA:21,1
DA:22,2
LF:9
LH:9
end_of_record
SF:lib\presentation\bloc\watchlist_event.dart
DA:4,5
DA:8,5
LF:2
LH:2
end_of_record
SF:lib\presentation\pages\watchlist_page.dart
DA:7,1
DA:9,1
DA:10,1
DA:14,1
DA:16,1
DA:17,1
DA:18,4
DA:21,1
DA:23,1
DA:24,4
DA:27,0
DA:29,0
DA:32,1
DA:34,1
DA:35,1
DA:38,1
DA:40,1
DA:41,1
DA:42,1
DA:46,1
DA:47,1
DA:49,1
DA:50,1
DA:51,1
DA:53,1
DA:57,1
DA:58,1
DA:59,1
DA:61,2
DA:62,1
DA:63,1
DA:64,1
DA:65,1
DA:66,1
DA:68,1
DA:70,1
DA:71,1
DA:72,1
DA:73,1
DA:74,1
DA:76,1
DA:79,1
DA:82,1
DA:83,1
DA:85,2
DA:96,1
DA:98,2
DA:99,1
LF:48
LH:46
end_of_record
