SF:lib\domain\usecases\get_movie_detail.dart
DA:7,1
DA:9,1
DA:10,2
LF:3
LH:3
end_of_record
SF:lib\domain\usecases\get_movie_recommendations.dart
DA:7,1
DA:9,1
DA:10,2
LF:3
LH:3
end_of_record
SF:lib\domain\usecases\get_now_playing_movies.dart
DA:7,1
DA:9,1
DA:10,2
LF:3
LH:3
end_of_record
SF:lib\domain\usecases\get_popular_movies.dart
DA:7,1
DA:9,1
DA:10,2
LF:3
LH:3
end_of_record
SF:lib\domain\usecases\get_top_rated_movies.dart
DA:7,1
DA:9,1
DA:10,2
LF:3
LH:3
end_of_record
SF:lib\domain\usecases\remove_watchlist_movies.dart
DA:7,1
DA:9,1
DA:10,2
LF:3
LH:3
end_of_record
SF:lib\domain\usecases\save_watchlist_movies.dart
DA:7,1
DA:9,1
DA:10,2
LF:3
LH:3
end_of_record
SF:lib\presentation\pages\movie_detail_page.dart
DA:11,2
DA:14,1
DA:16,2
DA:17,2
DA:21,2
DA:23,2
DA:24,4
DA:25,12
DA:26,2
DA:27,2
DA:28,8
DA:29,12
DA:33,2
DA:35,2
DA:36,2
DA:37,2
DA:39,2
DA:40,2
DA:41,2
DA:42,2
DA:43,2
DA:44,2
DA:45,3
DA:48,1
DA:50,1
DA:51,1
DA:52,2
DA:60,2
DA:61,2
DA:62,2
DA:66,2
DA:67,2
DA:68,2
DA:69,2
DA:71,1
DA:72,1
DA:74,2
DA:89,2
DA:92,2
DA:94,2
DA:96,6
DA:97,2
DA:98,2
DA:99,2
DA:100,6
DA:102,2
DA:105,0
DA:107,2
DA:109,2
DA:110,2
DA:111,2
DA:121,2
DA:122,2
DA:123,2
DA:125,2
DA:127,2
DA:129,2
DA:130,2
DA:131,4
DA:132,2
DA:134,2
DA:135,2
DA:136,6
DA:138,2
DA:139,6
DA:141,2
DA:142,2
DA:143,2
DA:144,6
DA:146,2
DA:152,8
DA:156,2
DA:158,2
DA:160,2
DA:161,4
DA:164,2
DA:166,2
DA:168,2
DA:173,2
DA:175,2
DA:188,2
DA:190,2
DA:193,2
DA:195,0
DA:196,0
DA:205,2
DA:206,2
DA:207,2
DA:208,2
DA:209,1
DA:211,1
DA:219,2
DA:220,2
DA:222,2
DA:223,1
DA:224,1
DA:225,4
DA:226,1
DA:228,1
DA:229,3
DA:232,2
DA:234,2
DA:235,2
DA:248,2
DA:249,2
DA:250,2
DA:251,2
DA:255,2
DA:256,1
DA:257,1
DA:259,1
DA:261,1
DA:262,1
DA:263,1
DA:265,1
DA:266,0
DA:267,0
DA:270,0
DA:273,1
DA:277,1
DA:279,2
DA:280,1
DA:283,0
DA:290,1
DA:293,2
DA:294,1
DA:296,2
DA:305,2
DA:307,4
DA:308,6
DA:311,2
DA:315,6
DA:318,2
DA:319,2
DA:320,2
DA:322,2
DA:323,1
DA:325,1
LF:138
LH:131
end_of_record
SF:lib\presentation\pages\movie_page.dart
DA:8,1
DA:10,1
DA:11,1
DA:15,1
DA:17,1
DA:18,2
DA:19,3
DA:20,3
DA:21,3
DA:25,1
DA:27,1
DA:29,1
DA:30,1
DA:32,1
DA:33,1
DA:35,1
DA:37,1
DA:38,1
DA:39,1
DA:44,1
DA:45,2
DA:50,1
DA:52,2
DA:54,1
DA:55,1
DA:56,1
DA:60,1
DA:61,2
DA:66,1
DA:68,2
DA:70,1
DA:71,1
DA:72,1
DA:76,1
DA:77,2
DA:92,1
DA:95,1
DA:97,1
DA:99,1
DA:101,1
DA:103,1
DA:104,2
DA:105,1
DA:107,1
DA:109,1
DA:110,1
DA:113,1
DA:116,1
DA:118,1
DA:119,2
DA:120,1
DA:123,0
DA:129,2
LF:53
LH:52
end_of_record
SF:lib\presentation\pages\popular_movies_page.dart
DA:7,2
DA:9,2
DA:10,2
DA:14,2
DA:16,2
DA:17,2
DA:18,8
DA:21,2
DA:23,2
DA:24,2
DA:27,2
DA:29,2
DA:30,2
DA:31,2
DA:35,2
DA:36,2
DA:37,2
DA:38,4
DA:39,2
DA:41,4
DA:43,1
DA:44,1
DA:46,2
LF:23
LH:23
end_of_record
SF:lib\presentation\pages\top_rated_movies_page.dart
DA:7,2
DA:9,2
DA:10,2
DA:14,2
DA:16,2
DA:17,4
DA:18,6
DA:21,2
DA:23,2
DA:24,2
DA:27,2
DA:29,2
DA:30,2
DA:31,2
DA:35,2
DA:36,2
DA:37,2
DA:38,4
DA:39,2
DA:41,4
DA:43,1
DA:44,1
DA:46,2
LF:23
LH:23
end_of_record
SF:lib\presentation\bloc\movie_detail_state.dart
DA:4,5
DA:6,1
DA:7,1
DA:17,3
DA:19,1
DA:20,2
DA:26,4
DA:28,1
DA:29,2
LF:9
LH:9
end_of_record
SF:lib\presentation\bloc\movie_detail_event.dart
DA:4,3
DA:9,3
LF:2
LH:2
end_of_record
SF:lib\presentation\bloc\movie_detail_bloc.dart
DA:12,3
DA:13,2
DA:14,2
DA:16,4
DA:18,1
DA:19,1
DA:20,3
DA:22,1
DA:23,2
LF:9
LH:9
end_of_record
SF:lib\presentation\bloc\movie_recommendation_event.dart
DA:4,3
DA:9,3
LF:2
LH:2
end_of_record
SF:lib\presentation\bloc\movie_recommendation_state.dart
DA:4,5
DA:6,1
DA:7,1
DA:17,3
DA:19,1
DA:20,2
DA:26,2
DA:28,1
DA:29,2
LF:9
LH:9
end_of_record
SF:lib\presentation\bloc\movie_recommendation_bloc.dart
DA:13,1
DA:14,2
DA:15,2
DA:16,2
DA:18,4
DA:20,1
DA:21,1
DA:22,3
DA:24,1
DA:25,2
LF:10
LH:10
end_of_record
SF:lib\presentation\bloc\movie_watchlist_event.dart
DA:4,3
DA:9,3
DA:14,2
DA:19,2
LF:4
LH:4
end_of_record
SF:lib\presentation\bloc\movie_watchlist_bloc.dart
DA:20,1
DA:24,2
DA:25,2
DA:26,4
DA:27,2
DA:29,2
DA:30,4
DA:31,5
DA:33,2
DA:34,1
DA:35,3
DA:37,1
DA:38,2
DA:42,2
DA:43,4
DA:44,5
DA:46,2
DA:47,1
DA:48,3
DA:50,1
DA:51,2
LF:21
LH:21
end_of_record
SF:lib\presentation\bloc\movie_watchlist_state.dart
DA:4,5
DA:6,1
DA:7,1
DA:16,5
DA:18,1
DA:19,3
LF:6
LH:6
end_of_record
SF:lib\presentation\bloc\popular_movies_state.dart
DA:4,5
DA:6,1
DA:7,1
DA:17,3
DA:19,1
DA:20,2
DA:26,3
DA:28,1
DA:29,2
LF:9
LH:9
end_of_record
SF:lib\presentation\bloc\popular_movies_event.dart
DA:4,35
DA:8,35
LF:2
LH:2
end_of_record
SF:lib\presentation\bloc\popular_movies_bloc.dart
DA:12,3
DA:13,2
DA:14,2
DA:16,3
DA:18,1
DA:19,1
DA:20,3
DA:22,1
DA:23,2
LF:9
LH:9
end_of_record
SF:lib\presentation\bloc\top_rated_movies_bloc.dart
DA:13,3
DA:14,2
DA:15,2
DA:17,3
DA:19,1
DA:20,1
DA:21,3
DA:23,1
DA:24,2
LF:9
LH:9
end_of_record
SF:lib\presentation\bloc\top_rated_movies_event.dart
DA:4,35
DA:8,35
LF:2
LH:2
end_of_record
SF:lib\presentation\bloc\top_rated_movies_state.dart
DA:4,5
DA:6,1
DA:7,1
DA:17,3
DA:19,1
DA:20,2
DA:26,3
DA:28,1
DA:29,2
LF:9
LH:9
end_of_record
SF:lib\presentation\bloc\movie_list_bloc.dart
DA:12,3
DA:13,2
DA:14,2
DA:16,3
DA:17,1
DA:18,1
DA:19,3
DA:21,1
DA:22,2
LF:9
LH:9
end_of_record
SF:lib\presentation\bloc\movie_list_state.dart
DA:4,3
DA:6,1
DA:7,1
DA:17,2
DA:19,1
DA:20,2
DA:26,2
DA:28,1
DA:29,2
LF:9
LH:9
end_of_record
SF:lib\presentation\bloc\movie_list_event.dart
DA:4,18
DA:8,18
LF:2
LH:2
end_of_record
