SF:lib\domain\usecases\search_movies.dart
DA:7,1
DA:9,1
DA:10,2
LF:3
LH:3
end_of_record
SF:lib\domain\usecases\search_tv_series.dart
DA:7,1
DA:9,1
DA:10,2
LF:3
LH:3
end_of_record
SF:lib\presentation\bloc\search_state.dart
DA:4,4
DA:6,1
DA:7,1
DA:17,3
DA:19,1
DA:20,2
DA:26,3
DA:28,1
DA:29,2
DA:35,3
DA:37,1
DA:38,2
LF:12
LH:12
end_of_record
SF:lib\presentation\bloc\search_bloc.dart
DA:14,3
DA:15,2
DA:16,1
DA:18,2
DA:19,3
DA:21,1
DA:22,1
DA:23,3
DA:25,1
DA:26,2
DA:29,1
DA:31,2
DA:32,1
DA:34,2
DA:35,3
DA:37,1
DA:38,1
DA:39,3
DA:41,1
DA:42,2
DA:45,1
DA:48,1
DA:49,3
LF:23
LH:23
end_of_record
SF:lib\presentation\bloc\search_event.dart
DA:4,2
DA:10,2
DA:16,2
LF:3
LH:3
end_of_record
SF:lib\presentation\pages\search_page.dart
DA:8,1
DA:10,1
DA:12,1
DA:13,1
DA:14,1
DA:18,1
DA:20,1
DA:22,1
DA:23,1
DA:24,1
DA:25,1
DA:26,3
DA:28,3
DA:39,1
DA:41,1
DA:43,3
DA:50,1
DA:51,1
DA:52,1
DA:53,1
DA:57,1
DA:58,1
DA:60,1
DA:61,1
DA:62,1
DA:63,1
DA:65,1
DA:70,1
DA:71,1
DA:73,1
DA:74,1
DA:75,1
DA:77,1
DA:81,1
DA:82,1
DA:83,1
DA:85,2
DA:89,1
DA:90,1
DA:97,1
DA:98,1
DA:99,1
DA:100,1
DA:104,1
DA:105,1
DA:107,1
DA:108,1
DA:109,1
DA:110,1
DA:112,1
DA:117,1
DA:118,1
DA:120,1
DA:121,1
DA:122,1
DA:124,1
DA:128,1
DA:129,1
DA:130,1
DA:132,2
DA:136,1
DA:137,1
LF:62
LH:62
end_of_record
